#
# There is insufficient memory for the Java Runtime Environment to continue.
# Native memory allocation (malloc) failed to allocate 1048576 bytes for AllocateHeap
# Possible reasons:
#   The system is out of physical RAM or swap space
#   The process is running with CompressedOops enabled, and the Java Heap may be blocking the growth of the native heap
# Possible solutions:
#   Reduce memory load on the system
#   Increase physical memory or swap space
#   Check if swap backing store is full
#   Decrease Java heap size (-Xmx/-Xms)
#   Decrease number of Java threads
#   Decrease Java thread stack sizes (-Xss)
#   Set larger code cache with -XX:ReservedCodeCacheSize=
#   JVM is running with Unscaled Compressed Oops mode in which the Java heap is
#     placed in the first 4GB address space. The Java Heap base address is the
#     maximum limit for the native heap growth. Please use -XX:HeapBaseMinAddress
#     to set the Java Heap base and to place the Java Heap above 4GB virtual address.
# This output file may be truncated or incomplete.
#
#  Out of Memory Error (./open/src/hotspot/share/memory/allocation.cpp:44), pid=8296, tid=23420
#
# JRE version:  (15.0.2+7) (build )
# Java VM: Java HotSpot(TM) 64-Bit Server VM (15.0.2+7-27, mixed mode, sharing, tiered, compressed oops, g1 gc, windows-amd64)
# No core dump will be written. Minidumps are not enabled by default on client versions of Windows
#

---------------  S U M M A R Y ------------

Command Line: 

Host: Intel(R) Core(TM) i7-8550U CPU @ 1.80GHz, 8 cores, 3G,  Windows 10 , 64 bit Build 19041 (10.0.19041.1023)
Time: Sat Jul 17 16:37:39 2021 Malay Peninsula Standard Time elapsed time: 0.351834 seconds (0d 0h 0m 0s)

---------------  T H R E A D  ---------------

Current thread (0x000002c94d812190):  JavaThread "Unknown thread" [_thread_in_vm, id=23420, stack(0x000000d4bfb00000,0x000000d4bfc00000)]

Stack: [0x000000d4bfb00000,0x000000d4bfc00000]
Native frames: (J=compiled Java code, j=interpreted, Vv=VM code, C=native code)
V  [jvm.dll+0x62ae9a]
V  [jvm.dll+0x7817a9]
V  [jvm.dll+0x782f03]
V  [jvm.dll+0x783563]
V  [jvm.dll+0x216325]
V  [jvm.dll+0x8ebb2]
V  [jvm.dll+0x2a2604]
V  [jvm.dll+0x75e20c]
V  [jvm.dll+0x3341c4]
V  [jvm.dll+0x73e926]
V  [jvm.dll+0x3b7557]
V  [jvm.dll+0x3b8fe1]
C  [jli.dll+0x52fb]
C  [ucrtbase.dll+0x21bb2]
C  [KERNEL32.DLL+0x17034]
C  [ntdll.dll+0x52651]


---------------  P R O C E S S  ---------------

Threads class SMR info:
_java_thread_list=0x00007ff876c84ff0, length=0, elements={
}

Java Threads: ( => current thread )

Other Threads:

=>0x000002c94d812190 (exited) JavaThread "Unknown thread" [_thread_in_vm, id=23420, stack(0x000000d4bfb00000,0x000000d4bfc00000)]

Threads with active compile tasks:

VM state: not at safepoint (not fully initialized)

VM Mutex/Monitor currently owned by a thread: None

Heap address: 0x0000000000000000, size: 0 MB, Compressed Oops mode: 32-bit
CDS archive(s) mapped at: [0x0000000000000000-0x0000000000000000-0x0000000000000000), size 0, SharedBaseAddress: 0x0000000800000000, ArchiveRelocationMode: 0.
Narrow klass base: 0x0000000000000000, Narrow klass shift: 0, Narrow klass range: 0x0

GC Heap History (0 events):
No events

Deoptimization events (0 events):
No events

Classes unloaded (0 events):
No events

Classes redefined (0 events):
No events

Internal exceptions (0 events):
No events

Events (1 events):
Event: 0.130 Loaded shared library C:\Program Files\Java\jdk-15.0.2\bin\java.dll


Dynamic libraries:
0x00007ff604d90000 - 0x00007ff604d9f000 	C:\Program Files\Java\jdk-15.0.2\bin\java.exe
0x00007ff8abe30000 - 0x00007ff8ac025000 	C:\WINDOWS\SYSTEM32\ntdll.dll
0x00007ff8abb90000 - 0x00007ff8abc4d000 	C:\WINDOWS\System32\KERNEL32.DLL
0x00007ff8a9bd0000 - 0x00007ff8a9e99000 	C:\WINDOWS\System32\KERNELBASE.dll
0x00007ff8a9970000 - 0x00007ff8a9a70000 	C:\WINDOWS\System32\ucrtbase.dll
0x00007ff8a1720000 - 0x00007ff8a1739000 	C:\Program Files\Java\jdk-15.0.2\bin\VCRUNTIME140.dll
0x00007ff89dc90000 - 0x00007ff89dca8000 	C:\Program Files\Java\jdk-15.0.2\bin\jli.dll
0x00007ff8ab330000 - 0x00007ff8ab3dc000 	C:\WINDOWS\System32\ADVAPI32.dll
0x00007ff8aa880000 - 0x00007ff8aa91e000 	C:\WINDOWS\System32\msvcrt.dll
0x00007ff8aa760000 - 0x00007ff8aa7fb000 	C:\WINDOWS\System32\sechost.dll
0x00007ff8aaac0000 - 0x00007ff8aabea000 	C:\WINDOWS\System32\RPCRT4.dll
0x00007ff8abc50000 - 0x00007ff8abdf0000 	C:\WINDOWS\System32\USER32.dll
0x00007ff8a9680000 - 0x00007ff8a96a2000 	C:\WINDOWS\System32\win32u.dll
0x00007ff898830000 - 0x00007ff898aca000 	C:\WINDOWS\WinSxS\amd64_microsoft.windows.common-controls_6595b64144ccf1df_6.0.19041.1083_none_60bbe31371f34e71\COMCTL32.dll
0x00007ff8ab630000 - 0x00007ff8ab65a000 	C:\WINDOWS\System32\GDI32.dll
0x00007ff8a9a70000 - 0x00007ff8a9b7b000 	C:\WINDOWS\System32\gdi32full.dll
0x00007ff8a96b0000 - 0x00007ff8a974d000 	C:\WINDOWS\System32\msvcp_win.dll
0x00007ff8a3190000 - 0x00007ff8a319a000 	C:\WINDOWS\SYSTEM32\VERSION.dll
0x00007ff8aa6b0000 - 0x00007ff8aa6e0000 	C:\WINDOWS\System32\IMM32.DLL
0x00007ff8a1590000 - 0x00007ff8a159c000 	C:\Program Files\Java\jdk-15.0.2\bin\vcruntime140_1.dll
0x00007ff88fdb0000 - 0x00007ff88fe41000 	C:\Program Files\Java\jdk-15.0.2\bin\msvcp140.dll
0x00007ff8761c0000 - 0x00007ff876d1e000 	C:\Program Files\Java\jdk-15.0.2\bin\server\jvm.dll
0x00007ff8aa9f0000 - 0x00007ff8aa9f8000 	C:\WINDOWS\System32\PSAPI.DLL
0x00007ff89ac20000 - 0x00007ff89ac47000 	C:\WINDOWS\SYSTEM32\WINMM.dll
0x00007ff89c4f0000 - 0x00007ff89c4f9000 	C:\WINDOWS\SYSTEM32\WSOCK32.dll
0x00007ff8ab3e0000 - 0x00007ff8ab44b000 	C:\WINDOWS\System32\ws2_32.DLL
0x00007ff8a7e80000 - 0x00007ff8a7e92000 	C:\WINDOWS\SYSTEM32\kernel.appcore.dll
0x00007ff89d460000 - 0x00007ff89d46a000 	C:\Program Files\Java\jdk-15.0.2\bin\jimage.dll
0x00007ff8a5030000 - 0x00007ff8a5214000 	C:\WINDOWS\SYSTEM32\DBGHELP.DLL
0x00007ff8a09b0000 - 0x00007ff8a09dc000 	C:\WINDOWS\SYSTEM32\dbgcore.DLL
0x00007ff8a98e0000 - 0x00007ff8a9963000 	C:\WINDOWS\System32\bcryptPrimitives.dll
0x00007ff89d430000 - 0x00007ff89d455000 	C:\Program Files\Java\jdk-15.0.2\bin\java.dll

dbghelp: loaded successfully - version: 4.0.5 - missing functions: none
symbol engine: initialized successfully - sym options: 0x614 - pdb path: .;C:\Program Files\Java\jdk-15.0.2\bin;C:\WINDOWS\SYSTEM32;C:\WINDOWS\WinSxS\amd64_microsoft.windows.common-controls_6595b64144ccf1df_6.0.19041.1083_none_60bbe31371f34e71;C:\Program Files\Java\jdk-15.0.2\bin\server

VM Arguments:
java_command: <unknown>
java_class_path (initial): <not set>
Launcher Type: SUN_STANDARD

[Global flags]
     intx CICompilerCount                          = 4                                         {product} {ergonomic}
     uint ConcGCThreads                            = 2                                         {product} {ergonomic}
     uint G1ConcRefinementThreads                  = 8                                         {product} {ergonomic}
   size_t G1HeapRegionSize                         = 1048576                                   {product} {ergonomic}
    uintx GCDrainStackTargetSize                   = 64                                        {product} {ergonomic}
   size_t InitialHeapSize                          = 67108864                                  {product} {ergonomic}
   size_t MarkStackSize                            = 4194304                                   {product} {ergonomic}
   size_t MaxHeapSize                              = 1044381696                                {product} {ergonomic}
   size_t MinHeapDeltaBytes                        = 1048576                                   {product} {ergonomic}
   size_t MinHeapSize                              = 8388608                                   {product} {ergonomic}
    uintx NonNMethodCodeHeapSize                   = 5839372                                {pd product} {ergonomic}
    uintx NonProfiledCodeHeapSize                  = 122909434                              {pd product} {ergonomic}
    uintx ProfiledCodeHeapSize                     = 122909434                              {pd product} {ergonomic}
    uintx ReservedCodeCacheSize                    = 251658240                              {pd product} {ergonomic}
     bool SegmentedCodeCache                       = true                                      {product} {ergonomic}
   size_t SoftMaxHeapSize                          = 1044381696                             {manageable} {ergonomic}
     bool UseCompressedClassPointers               = true                                 {lp64_product} {ergonomic}
     bool UseCompressedOops                        = true                                 {lp64_product} {ergonomic}
     bool UseG1GC                                  = true                                      {product} {ergonomic}
     bool UseLargePagesIndividualAllocation        = false                                  {pd product} {ergonomic}

Logging:
Log output configuration:
 #0: stdout all=warning uptime,level,tags
 #1: stderr all=off uptime,level,tags

Environment Variables:
PATH=C:\Program Files\Common Files\Oracle\Java\javapath;C:\Program Files (x86)\Common Files\Oracle\Java\javapath;C:\WINDOWS\system32;C:\WINDOWS;C:\WINDOWS\System32\Wbem;C:\WINDOWS\System32\WindowsPowerShell\v1.0\;C:\WINDOWS\System32\OpenSSH\;C:\Program Files\Intel\WiFi\bin\;C:\Program Files\Common Files\Intel\WirelessCommon\;C:\Program Files (x86)\Windows Live\Shared;C:\Program Files (x86)\Microsoft SQL Server\100\Tools\Binn\;C:\Program Files\Microsoft SQL Server\100\Tools\Binn\;C:\Program Files\Microsoft SQL Server\100\DTS\Binn\;C:\Program Files\Git\cmd;C:\Users\Admin\AppData\Local\Programs\Python\Python36\Scripts\;C:\Users\Admin\AppData\Local\Programs\Python\Python36\;C:\Users\Admin\AppData\Local\Programs\Python\Python37\Scripts\;C:\Users\Admin\AppData\Local\Programs\Python\Python37\;C:\Users\Admin\AppData\Local\Microsoft\WindowsApps;C:\Program Files\Intel\WiFi\bin\;C:\Program Files\Common Files\Intel\WirelessCommon\;C:\Program Files\JetBrains\PyCharm Community Edition 2018.3.2\bin;;C:\src\flutter\bin;"C:\Program Files\Git\bin\git.exe;C:\Program Files\Git\cmd;C:\Windows\System32";
USERNAME=Admin
OS=Windows_NT
PROCESSOR_IDENTIFIER=Intel64 Family 6 Model 142 Stepping 10, GenuineIntel



---------------  S Y S T E M  ---------------

OS:
 Windows 10 , 64 bit Build 19041 (10.0.19041.1023)
OS uptime: 7 days 0:59 hours

CPU: total 8 (initial active 8) (4 cores per cpu, 2 threads per core) family 6 model 142 stepping 10 microcode 0xe0, cmov, cx8, fxsr, mmx, sse, sse2, sse3, ssse3, sse4.1, sse4.2, popcnt, vzeroupper, avx, avx2, aes, clmul, erms, 3dnowpref, lzcnt, ht, tsc, tscinvbit, bmi1, bmi2, adx, fma, clflush, clflushopt

Memory: 4k page, system-wide physical 3978M (83M free)
TotalPageFile size 16266M (AvailPageFile size 9M)
current process WorkingSet (physical memory assigned to process): 9M, peak: 9M
current process commit charge ("private bytes"): 15M, peak: 16M

vm_info: Java HotSpot(TM) 64-Bit Server VM (15.0.2+7-27) for windows-amd64 JRE (15.0.2+7-27), built on Dec  7 2020 20:07:01 by "mach5one" with unknown MS VC++:1925

END.
